<?xml version="1.0" encoding="UTF-8"?>
<testng-results ignored="0" total="1" passed="1" failed="0" skipped="0">
  <reporter-output>
  </reporter-output>
  <suite started-at="2023-02-16T00:43:20 ICT" name="Suite" finished-at="2023-02-16T00:44:18 ICT" duration-ms="58942">
    <groups>
      <group name="cucumber">
        <method signature="AbstractTestNGCucumberTests.runScenario(io.cucumber.testng.PickleWrapper,io.cucumber.testng.FeatureWrapper)[pri:0, instance:TestRun@4b0d79fc]" name="runScenario" class="io.cucumber.testng.AbstractTestNGCucumberTests"/>
      </group> <!-- cucumber -->
    </groups>
    <test started-at="2023-02-16T00:43:20 ICT" name="Test" finished-at="2023-02-16T00:44:18 ICT" duration-ms="58942">
      <class name="TestRun">
        <test-method is-config="true" signature="setUpClass(org.testng.ITestContext)[pri:0, instance:TestRun@4b0d79fc]" started-at="2023-02-16T00:43:27 ICT" name="setUpClass" finished-at="2023-02-16T00:43:28 ICT" duration-ms="264" status="PASS">
          <params>
            <param index="0">
              <value>
                <![CDATA[org.testng.TestRunner@6c70b7c3]]>
              </value>
            </param>
          </params>
          <reporter-output>
          </reporter-output>
        </test-method> <!-- setUpClass -->
        <test-method signature="runScenario(io.cucumber.testng.PickleWrapper,io.cucumber.testng.FeatureWrapper)[pri:0, instance:TestRun@4b0d79fc]" started-at="2023-02-16T00:43:28 ICT" name="runScenario" description="Runs Cucumber Scenarios" data-provider="scenarios" finished-at="2023-02-16T00:44:18 ICT" duration-ms="50417" status="PASS">
          <params>
            <param index="0">
              <value>
                <![CDATA["Check in case there is no result"]]>
              </value>
            </param>
            <param index="1">
              <value>
                <![CDATA["Search weather in your city"]]>
              </value>
            </param>
          </params>
          <reporter-output>
          </reporter-output>
        </test-method> <!-- runScenario -->
        <test-method is-config="true" signature="tearDownClass()[pri:0, instance:TestRun@4b0d79fc]" started-at="2023-02-16T00:44:18 ICT" name="tearDownClass" finished-at="2023-02-16T00:44:18 ICT" duration-ms="67" status="PASS">
          <reporter-output>
          </reporter-output>
        </test-method> <!-- tearDownClass -->
      </class> <!-- TestRun -->
      <class name="commonTests.BaseTest">
        <test-method is-config="true" signature="beforeSuite()[pri:0, instance:commonTests.BaseTest@201a4587]" started-at="2023-02-16T00:43:20 ICT" name="beforeSuite" finished-at="2023-02-16T00:43:20 ICT" duration-ms="4" status="PASS">
          <reporter-output>
          </reporter-output>
        </test-method> <!-- beforeSuite -->
        <test-method is-config="true" signature="beforeTest()[pri:0, instance:commonTests.BaseTest@201a4587]" started-at="2023-02-16T00:43:20 ICT" name="beforeTest" finished-at="2023-02-16T00:43:20 ICT" duration-ms="0" status="PASS">
          <reporter-output>
          </reporter-output>
        </test-method> <!-- beforeTest -->
        <test-method is-config="true" signature="setup(java.lang.String,java.lang.String)[pri:0, instance:commonTests.BaseTest@201a4587]" started-at="2023-02-16T00:43:20 ICT" name="setup" finished-at="2023-02-16T00:43:27 ICT" duration-ms="7840" status="PASS">
          <params>
            <param index="0">
              <value>
                <![CDATA[iOS]]>
              </value>
            </param>
            <param index="1">
              <value>
                <![CDATA[chrome]]>
              </value>
            </param>
          </params>
          <reporter-output>
          </reporter-output>
        </test-method> <!-- setup -->
        <test-method is-config="true" signature="afterTest(java.lang.String)[pri:0, instance:commonTests.BaseTest@201a4587]" started-at="2023-02-16T00:44:18 ICT" name="afterTest" finished-at="2023-02-16T00:44:18 ICT" duration-ms="327" status="PASS">
          <params>
            <param index="0">
              <value>
                <![CDATA[iOS]]>
              </value>
            </param>
          </params>
          <reporter-output>
          </reporter-output>
        </test-method> <!-- afterTest -->
        <test-method is-config="true" signature="afterSuite()[pri:0, instance:commonTests.BaseTest@201a4587]" started-at="2023-02-16T00:44:19 ICT" name="afterSuite" finished-at="2023-02-16T00:44:19 ICT" duration-ms="0" status="PASS">
          <reporter-output>
          </reporter-output>
        </test-method> <!-- afterSuite -->
      </class> <!-- commonTests.BaseTest -->
    </test> <!-- Test -->
  </suite> <!-- Suite -->
</testng-results>
