<?xml version="1.0" encoding="UTF-8"?>
<testsuite xmlns:xsi="http://www.w3.org/2001/XMLSchema-instance" xsi:noNamespaceSchemaLocation="https://maven.apache.org/surefire/maven-surefire-plugin/xsd/surefire-test-report-3.0.xsd" version="3.0" name="TestSuite" time="59.179" tests="1" errors="0" skipped="0" failures="0">
  <properties>
[...]
</properties>
  <testcase name="runScenario[&quot;Check in case there is no result&quot;, &quot;Search weather in your city&quot;](1)" classname="TestRun" time="50.425">
    <system-out><![CDATA[[TestNGContentHandler] [WARN] It is strongly recommended to add "<!DOCTYPE suite SYSTEM "https://testng.org/testng-1.0.dtd" >" at the top of the suite file [/Users/hoangthuhuyen/Documents/Automation/Cucumber/Axon/testng.xml] otherwise TestNG may fail or not work as expected.

Scenario: Check in case there is no result  &amp#27;[90m# src/test/resources/features/Weather.feature:7&amp#27;[0m
  &amp#27;[32mGiven &amp#27;[0m&amp#27;[32mThe site is opened&amp#27;[0m                  &amp#27;[90m# stepDefinitions.WeatherStepdefs.theSiteHttpsWeatherComIsOpened()&amp#27;[0m
  &amp#27;[32mAnd &amp#27;[0m&amp#27;[32mClick on 10 day link&amp#27;[0m                  &amp#27;[90m# stepDefinitions.WeatherStepdefs.clickOn10DayLink()&amp#27;[0m
  &amp#27;[32mAnd &amp#27;[0m&amp#27;[32mInput &amp#27;[0m&amp#27;[32m&amp#27;[1m"singapore"&amp#27;[0m&amp#27;[32m into search textbox&amp#27;[0m &amp#27;[90m# stepDefinitions.WeatherStepdefs.inputSearchPhrase(java.lang.String)&amp#27;[0m
ffsdfskdfdetailIndex1fdsdsdsdetailIndex1
ffsdfskdfdetailIndex1fdsdsdsdetailIndex1
ffsdfskdfdetailIndex1fdsdsdsdetailIndex1
ffsdfskdfdetailIndex1fdsdsdsdetailIndex1
ffsdfskdfdetailIndex1fdsdsdsdetailIndex1
ffsdfskdfdetailIndex1fdsdsdsdetailIndex1
ffsdfskdfdetailIndex1fdsdsdsdetailIndex1
ffsdfskdfdetailIndex1fdsdsdsdetailIndex1
ffsdfskdfdetailIndex1fdsdsdsdetailIndex1
ffsdfskdfdetailIndex1fdsdsdsdetailIndex1
ffsdfskdfdetailIndex1fdsdsdsdetailIndex1
ffsdfskdfdetailIndex1fdsdsdsdetailIndex1
ffsdfskdfdetailIndex1fdsdsdsdetailIndex1
ffsdfskdfdetailIndex1fdsdsdsdetailIndex1
ffsdfskdfdetailIndex1fdsdsdsdetailIndex1
ffsdfskdfdetailIndex1fdsdsdsdetailIndex1
ffsdfskdfdetailIndex1fdsdsdsdetailIndex1
ffsdfskdfdetailIndex2fdsdsdsdetailIndex2
ffsdfskdfdetailIndex2fdsdsdsdetailIndex2
ffsdfskdfdetailIndex2fdsdsdsdetailIndex2
ffsdfskdfdetailIndex2fdsdsdsdetailIndex2
ffsdfskdfdetailIndex2fdsdsdsdetailIndex2
ffsdfskdfdetailIndex2fdsdsdsdetailIndex2
ffsdfskdfdetailIndex2fdsdsdsdetailIndex2
ffsdfskdfdetailIndex2fdsdsdsdetailIndex2
ffsdfskdfdetailIndex2fdsdsdsdetailIndex2
ffsdfskdfdetailIndex2fdsdsdsdetailIndex2
ffsdfskdfdetailIndex2fdsdsdsdetailIndex2
ffsdfskdfdetailIndex2fdsdsdsdetailIndex2
ffsdfskdfdetailIndex2fdsdsdsdetailIndex2
ffsdfskdfdetailIndex2fdsdsdsdetailIndex2
ffsdfskdfdetailIndex2fdsdsdsdetailIndex2
ffsdfskdfdetailIndex2fdsdsdsdetailIndex2
ffsdfskdfdetailIndex2fdsdsdsdetailIndex2
hhjhjhj
  &amp#27;[32mThen &amp#27;[0m&amp#27;[32mWritten the weather info into a file&amp#27;[0m &amp#27;[90m# stepDefinitions.WeatherStepdefs.writtenTheWeatherInfoIntoAFile()&amp#27;[0m
]]></system-out>
    <system-err><![CDATA[SLF4J: Failed to load class "org.slf4j.impl.StaticLoggerBinder".
SLF4J: Defaulting to no-operation (NOP) logger implementation
SLF4J: See http://www.slf4j.org/codes.html#StaticLoggerBinder for further details.
ERROR StatusLogger Log4j2 could not find a logging implementation. Please add log4j-core to the classpath. Using SimpleLogger to log to the console...
Starting ChromeDriver 110.0.5481.77 (65ed616c6e8ee3fe0ad64fe83796c020644d42af-refs/branch-heads/5481@{#839}) on port 56113
Only local connections are allowed.
Please see https://chromedriver.chromium.org/security-considerations for suggestions on keeping ChromeDriver safe.
ChromeDriver was started successfully.
[1676483007.046][WARNING]: virtual void DevToolsClientImpl::AddListener(DevToolsEventListener *) subscribing a listener to the already connected DevToolsClient. Connection notification will not arrive.
Feb 16, 2023 12:43:27 AM org.openqa.selenium.remote.ProtocolHandshake createSession
INFO: Detected upstream dialect: W3C
Feb 16, 2023 12:43:27 AM org.openqa.selenium.devtools.CdpVersionFinder findNearestMatch
WARNING: Unable to find an exact match for CDP version 110, so returning the closest version found: a no-op implementation
Feb 16, 2023 12:43:27 AM org.openqa.selenium.devtools.CdpVersionFinder findNearestMatch
INFO: Unable to find CDP implementation matching 110.
Feb 16, 2023 12:43:27 AM org.openqa.selenium.chromium.ChromiumDriver lambda$new$3
WARNING: Unable to find version of CDP to use for . You may need to include a dependency on a specific version of the CDP using something similar to `org.seleniumhq.selenium:selenium-devtools-v86:4.3.0` where the version ("v86") matches the version of the chromium-based browser you're using and the version number of the artifact is the same as Selenium's.
]]></system-err>
  </testcase>
</testsuite>